2022-07-05 14:06:52 info Install Datenstrom Yellow 0.8.20, PHP 8.1.7, nginx 1.14.2, Linux
2022-07-05 14:06:52 info Install extension 'English 0.8.32'
2022-07-05 14:06:52 info Install extension 'German 0.8.32'
2022-07-05 14:06:52 info Install extension 'Swedish 0.8.32'
2022-07-05 14:07:16 info Add user 'Pablo'
2022-07-05 14:10:50 error Can't parse file 'system/extensions/core.php'!
2022-07-05 14:10:50 error Can't parse file 'system/extensions/core.php'!
2022-07-05 14:10:50 error Can't parse file 'system/extensions/core.php'!
2022-07-05 14:10:50 error Can't parse file 'system/extensions/core.php'!
2022-07-05 14:10:50 error Can't parse file 'system/extensions/core.php'!
2022-07-05 14:10:50 error Can't parse file 'system/extensions/core.php'!
2022-07-05 14:10:50 error Can't parse file 'system/extensions/core.php'!
2022-07-05 14:10:50 error Can't parse file 'system/extensions/core.php'!
2022-07-05 14:11:37 error Can't parse file 'system/extensions/core.php'!
2022-07-05 15:07:26 error Can't parse file 'system/extensions/core.php'!
2022-07-05 15:07:26 error Can't parse file 'system/extensions/core.php'!
2022-07-05 15:07:26 error Can't parse file 'system/extensions/core.php'!
2022-07-05 15:07:26 error Can't parse file 'system/extensions/core.php'!
2022-07-05 15:07:26 error Can't parse file 'system/extensions/core.php'!
2022-07-05 15:07:26 error Can't parse file 'system/extensions/core.php'!
2022-07-05 15:07:26 error Can't parse file 'system/extensions/core.php'!
2022-07-05 15:07:26 error Can't parse file 'system/extensions/core.php'!
2022-07-05 15:07:26 error Can't parse file 'system/extensions/core.php'!
2022-07-05 15:07:26 error Can't parse file 'system/extensions/core.php'!
2022-07-05 15:07:27 error Can't parse file 'system/extensions/core.php'!
2022-07-05 15:07:27 error Can't parse file 'system/extensions/core.php'!
2022-07-05 15:11:34 error Can't parse file 'system/extensions/core.php'!
2022-07-05 22:54:59 error Can't parse file 'system/extensions/core.php'!
2022-07-05 22:54:59 error Can't parse file 'system/extensions/core.php'!
2022-07-05 22:54:59 error Can't parse file 'system/extensions/core.php'!
2022-07-06 09:38:37 info Install extension 'Googlemap 0.8.7'
2022-07-06 09:38:37 info Install extension 'Profile 0.8.8'
2022-07-06 09:38:37 info Install extension 'Slider 0.8.17'
2022-07-06 14:11:22 error Can't parse file 'system/extensions/core.php'!
2022-07-06 14:11:31 error Can't parse file 'system/extensions/core.php'!
2022-07-11 20:04:08 info Install extension 'Gallery 0.8.17'
2022-07-11 20:05:55 error Can't parse file 'system/extensions/core.php'!
